# JRE version: OpenJDK Runtime Environment (8.0_202-b03) (build 1.8.0_202-release-1483-b03)
# Java VM: OpenJDK 64-Bit Server VM (25.202-b03 mixed mode windows-amd64 compressed oops)
Heap:
 PSYoungGen      total 65024K, used 60764K [0x00000000e0000000, 0x00000000e5b00000, 0x0000000100000000)
  eden space 59904K, 92% used [0x00000000e0000000,0x00000000e365a2a0,0x00000000e3a80000)
  from space 5120K, 99% used [0x00000000e4600000,0x00000000e4afd128,0x00000000e4b00000)
  to   space 11776K, 0% used [0x00000000e3a80000,0x00000000e3a80000,0x00000000e4600000)
 ParOldGen       total 66048K, used 10888K [0x00000000a0000000, 0x00000000a4080000, 0x00000000e0000000)
  object space 66048K, 16% used [0x00000000a0000000,0x00000000a0aa2350,0x00000000a4080000)
 Metaspace       used 34701K, capacity 35554K, committed 35712K, reserved 1083392K
  class space    used 4764K, capacity 4950K, committed 4992K, reserved 1048576K
GC Heap History (10 events):
Event: 9.419 GC heap before
{Heap before GC invocations=7 (full 1):
 PSYoungGen      total 71680K, used 59368K [0x00000000e0000000, 0x00000000e4b00000, 0x0000000100000000)
  eden space 66560K, 89% used [0x00000000e0000000,0x00000000e39fa2d8,0x00000000e4100000)
  from space 5120K, 0% used [0x00000000e4100000,0x00000000e4100000,0x00000000e4600000)
  to   space 5120K, 0% used [0x00000000e4600000,0x00000000e4600000,0x00000000e4b00000)
 ParOldGen       total 66048K, used 10772K [0x00000000a0000000, 0x00000000a4080000, 0x00000000e0000000)
  object space 66048K, 16% used [0x00000000a0000000,0x00000000a0a85030,0x00000000a4080000)
 Metaspace       used 28203K, capacity 28772K, committed 28928K, reserved 1079296K
  class space    used 3836K, capacity 4031K, committed 4096K, reserved 1048576K
Event: 9.429 GC heap after
Heap after GC invocations=7 (full 1):
 PSYoungGen      total 71680K, used 5094K [0x00000000e0000000, 0x00000000e4b00000, 0x0000000100000000)
  eden space 66560K, 0% used [0x00000000e0000000,0x00000000e0000000,0x00000000e4100000)
  from space 5120K, 99% used [0x00000000e4600000,0x00000000e4af9af0,0x00000000e4b00000)
  to   space 5120K, 0% used [0x00000000e4100000,0x00000000e4100000,0x00000000e4600000)
 ParOldGen       total 66048K, used 13514K [0x00000000a0000000, 0x00000000a4080000, 0x00000000e0000000)
  object space 66048K, 20% used [0x00000000a0000000,0x00000000a0d32a30,0x00000000a4080000)
 Metaspace       used 28203K, capacity 28772K, committed 28928K, reserved 1079296K
  class space    used 3836K, capacity 4031K, committed 4096K, reserved 1048576K
}
Event: 9.429 GC heap before
{Heap before GC invocations=8 (full 2):
 PSYoungGen      total 71680K, used 5094K [0x00000000e0000000, 0x00000000e4b00000, 0x0000000100000000)
  eden space 66560K, 0% used [0x00000000e0000000,0x00000000e0000000,0x00000000e4100000)
  from space 5120K, 99% used [0x00000000e4600000,0x00000000e4af9af0,0x00000000e4b00000)
  to   space 5120K, 0% used [0x00000000e4100000,0x00000000e4100000,0x00000000e4600000)
 ParOldGen       total 66048K, used 13514K [0x00000000a0000000, 0x00000000a4080000, 0x00000000e0000000)
  object space 66048K, 20% used [0x00000000a0000000,0x00000000a0d32a30,0x00000000a4080000)
 Metaspace       used 28203K, capacity 28772K, committed 28928K, reserved 1079296K
  class space    used 3836K, capacity 4031K, committed 4096K, reserved 1048576K
Event: 9.576 GC heap after
Heap after GC invocations=8 (full 2):
 PSYoungGen      total 71680K, used 0K [0x00000000e0000000, 0x00000000e4b00000, 0x0000000100000000)
  eden space 66560K, 0% used [0x00000000e0000000,0x00000000e0000000,0x00000000e4100000)
  from space 5120K, 0% used [0x00000000e4600000,0x00000000e4600000,0x00000000e4b00000)
  to   space 5120K, 0% used [0x00000000e4100000,0x00000000e4100000,0x00000000e4600000)
 ParOldGen       total 66048K, used 14676K [0x00000000a0000000, 0x00000000a4080000, 0x00000000e0000000)
  object space 66048K, 22% used [0x00000000a0000000,0x00000000a0e55328,0x00000000a4080000)
 Metaspace       used 28203K, capacity 28772K, committed 28928K, reserved 1077248K
  class space    used 3836K, capacity 4031K, committed 4096K, reserved 1048576K
}
Event: 9.604 GC heap before
{Heap before GC invocations=9 (full 2):
 PSYoungGen      total 71680K, used 1119K [0x00000000e0000000, 0x00000000e4b00000, 0x0000000100000000)
  eden space 66560K, 1% used [0x00000000e0000000,0x00000000e0117ca0,0x00000000e4100000)
  from space 5120K, 0% used [0x00000000e4600000,0x00000000e4600000,0x00000000e4b00000)
  to   space 5120K, 0% used [0x00000000e4100000,0x00000000e4100000,0x00000000e4600000)
 ParOldGen       total 66048K, used 14676K [0x00000000a0000000, 0x00000000a4080000, 0x00000000e0000000)
  object space 66048K, 22% used [0x00000000a0000000,0x00000000a0e55328,0x00000000a4080000)
 Metaspace       used 28666K, capacity 29236K, committed 29440K, reserved 1081344K
  class space    used 3845K, capacity 4035K, committed 4096K, reserved 1048576K
Event: 9.606 GC heap after
Heap after GC invocations=9 (full 2):
 PSYoungGen      total 71680K, used 174K [0x00000000e0000000, 0x00000000e4b00000, 0x0000000100000000)
  eden space 66560K, 0% used [0x00000000e0000000,0x00000000e0000000,0x00000000e4100000)
  from space 5120K, 3% used [0x00000000e4100000,0x00000000e412b8f8,0x00000000e4600000)
  to   space 5120K, 0% used [0x00000000e4600000,0x00000000e4600000,0x00000000e4b00000)
 ParOldGen       total 66048K, used 14676K [0x00000000a0000000, 0x00000000a4080000, 0x00000000e0000000)
  object space 66048K, 22% used [0x00000000a0000000,0x00000000a0e55328,0x00000000a4080000)
 Metaspace       used 28666K, capacity 29236K, committed 29440K, reserved 1081344K
  class space    used 3845K, capacity 4035K, committed 4096K, reserved 1048576K
}
Event: 9.606 GC heap before
{Heap before GC invocations=10 (full 3):
 PSYoungGen      total 71680K, used 174K [0x00000000e0000000, 0x00000000e4b00000, 0x0000000100000000)
  eden space 66560K, 0% used [0x00000000e0000000,0x00000000e0000000,0x00000000e4100000)
  from space 5120K, 3% used [0x00000000e4100000,0x00000000e412b8f8,0x00000000e4600000)
  to   space 5120K, 0% used [0x00000000e4600000,0x00000000e4600000,0x00000000e4b00000)
 ParOldGen       total 66048K, used 14676K [0x00000000a0000000, 0x00000000a4080000, 0x00000000e0000000)
  object space 66048K, 22% used [0x00000000a0000000,0x00000000a0e55328,0x00000000a4080000)
 Metaspace       used 28666K, capacity 29236K, committed 29440K, reserved 1081344K
  class space    used 3845K, capacity 4035K, committed 4096K, reserved 1048576K
Event: 9.698 GC heap after
Heap after GC invocations=10 (full 3):
 PSYoungGen      total 71680K, used 0K [0x00000000e0000000, 0x00000000e4b00000, 0x0000000100000000)
  eden space 66560K, 0% used [0x00000000e0000000,0x00000000e0000000,0x00000000e4100000)
  from space 5120K, 0% used [0x00000000e4100000,0x00000000e4100000,0x00000000e4600000)
  to   space 5120K, 0% used [0x00000000e4600000,0x00000000e4600000,0x00000000e4b00000)
 ParOldGen       total 66048K, used 10286K [0x00000000a0000000, 0x00000000a4080000, 0x00000000e0000000)
  object space 66048K, 15% used [0x00000000a0000000,0x00000000a0a0bb20,0x00000000a4080000)
 Metaspace       used 28666K, capacity 29236K, committed 29440K, reserved 1079296K
  class space    used 3845K, capacity 4035K, committed 4096K, reserved 1048576K
}
Event: 11.031 GC heap before
{Heap before GC invocations=11 (full 3):
 PSYoungGen      total 71680K, used 66560K [0x00000000e0000000, 0x00000000e4b00000, 0x0000000100000000)
  eden space 66560K, 100% used [0x00000000e0000000,0x00000000e4100000,0x00000000e4100000)
  from space 5120K, 0% used [0x00000000e4100000,0x00000000e4100000,0x00000000e4600000)
  to   space 5120K, 0% used [0x00000000e4600000,0x00000000e4600000,0x00000000e4b00000)
 ParOldGen       total 66048K, used 10286K [0x00000000a0000000, 0x00000000a4080000, 0x00000000e0000000)
  object space 66048K, 15% used [0x00000000a0000000,0x00000000a0a0bb20,0x00000000a4080000)
 Metaspace       used 31890K, capacity 32478K, committed 32768K, reserved 1081344K
  class space    used 4387K, capacity 4560K, committed 4608K, reserved 1048576K
Event: 11.047 GC heap after
Heap after GC invocations=11 (full 3):
 PSYoungGen      total 65024K, used 5108K [0x00000000e0000000, 0x00000000e5b00000, 0x0000000100000000)
  eden space 59904K, 0% used [0x00000000e0000000,0x00000000e0000000,0x00000000e3a80000)
  from space 5120K, 99% used [0x00000000e4600000,0x00000000e4afd128,0x00000000e4b00000)
  to   space 11776K, 0% used [0x00000000e3a80000,0x00000000e3a80000,0x00000000e4600000)
 ParOldGen       total 66048K, used 10888K [0x00000000a0000000, 0x00000000a4080000, 0x00000000e0000000)
  object space 66048K, 16% used [0x00000000a0000000,0x00000000a0aa2350,0x00000000a4080000)
 Metaspace       used 31890K, capacity 32478K, committed 32768K, reserved 1081344K
  class space    used 4387K, capacity 4560K, committed 4608K, reserved 1048576K
}

